<?xml version="1.0" encoding="UTF-8"?>
<!-- Generated by org.testng.reporters.JUnitReportReporter -->
<testsuite hostname="DESKTOP-NKLDMQ3" failures="0" tests="1" name="com.runner.RunnerTest" time="15.377" errors="0" timestamp="2024-12-02T16:22:58 IST" skipped="0">
  <testcase classname="com.runner.RunnerTest" name="runScenario" time="15.377"/>
  <system-out/>
</testsuite> <!-- com.runner.RunnerTest -->
